[2026-01-14T16:02:58.779Z] getInvoiceById lines from DB: []
[2026-01-14T16:02:59.015Z] getInvoiceById lines from DB: []
[2026-01-14T16:36:09.045Z] getInvoiceById lines from DB: []
[2026-01-14T16:36:09.283Z] getInvoiceById lines from DB: []
[2026-01-14T23:18:53.863Z] getInvoiceById lines from DB: [{"productName":"جركن صابون سائل 10 لتر","warehouseId":null}]
[2026-01-15T02:03:28.351Z] getInvoiceById lines from DB: [{"productName":"جركن صابون سائل 10 لتر","warehouseId":null}]
[2026-01-15T02:03:28.389Z] getInvoiceById lines from DB: [{"productName":"جركن صابون سائل 10 لتر","warehouseId":null}]
[2026-01-15T02:05:14.260Z] getInvoiceById lines from DB: [{"productName":"جركن صابون سائل 10 لتر","warehouseId":null}]
[2026-01-15T02:05:14.270Z] getInvoiceById lines from DB: [{"productName":"جركن صابون سائل 10 لتر","warehouseId":null}]
[2026-01-15T02:05:54.403Z] getInvoiceById lines from DB: [{"productName":"جركن صابون سائل 10 لتر","warehouseId":null}]
[2026-01-15T02:05:54.413Z] getInvoiceById lines from DB: [{"productName":"جركن صابون سائل 10 لتر","warehouseId":null}]
[2026-01-15T16:59:52.193Z] getInvoiceById lines from DB: [{"productName":"جركن صابون سائل 10 لتر","warehouseId":null}]
[2026-01-15T16:59:52.582Z] getInvoiceById lines from DB: [{"productName":"جركن صابون سائل 10 لتر","warehouseId":null}]
[2026-01-15T17:10:57.452Z] getInvoiceById lines from DB: []
[2026-01-16T00:22:33.314Z] getInvoiceById lines from DB: [{"productName":"جركن صابون سائل 10 لتر","warehouseId":null}]
[2026-01-16T00:22:33.332Z] getInvoiceById lines from DB: [{"productName":"جركن صابون سائل 10 لتر","warehouseId":null}]
[2026-01-16T00:26:23.771Z] getInvoiceById lines from DB: []
[2026-01-16T01:08:35.578Z] getInvoiceById lines from DB: [{"productName":"جركن صابون سائل 10 لتر","warehouseId":null}]
[2026-01-16T14:05:18.788Z] getInvoiceById lines from DB: [{"productName":"جركن صابون سائل 10 لتر","warehouseId":null}]
[2026-01-16T14:05:18.814Z] getInvoiceById lines from DB: [{"productName":"جركن صابون سائل 10 لتر","warehouseId":null}]
[2026-01-16T21:50:06.422Z] getInvoiceById lines from DB: [{"productName":"جركن صابون سائل 10 لتر","warehouseId":null}]
[2026-01-16T21:50:06.447Z] getInvoiceById lines from DB: [{"productName":"جركن صابون سائل 10 لتر","warehouseId":null}]
[2026-01-16T21:54:03.503Z] getInvoiceById lines from DB: [{"productName":"جركن صابون سائل 10 لتر","warehouseId":null}]
[2026-01-16T21:54:03.511Z] getInvoiceById lines from DB: [{"productName":"جركن صابون سائل 10 لتر","warehouseId":null}]
[2026-01-16T21:54:12.017Z] getInvoiceById lines from DB: []
[2026-01-16T21:54:12.256Z] getInvoiceById lines from DB: []
[2026-01-16T21:54:14.787Z] getInvoiceById lines from DB: []
[2026-01-16T21:54:14.964Z] getInvoiceById lines from DB: []
[2026-01-16T21:54:18.917Z] getInvoiceById lines from DB: [{"productName":"جركن صابون سائل 10 لتر","warehouseId":null}]
[2026-01-16T21:54:18.920Z] getInvoiceById lines from DB: [{"productName":"جركن صابون سائل 10 لتر","warehouseId":null}]
[2026-01-16T21:56:33.432Z] getInvoiceById lines from DB: []
[2026-01-16T21:56:33.642Z] getInvoiceById lines from DB: []
[2026-01-16T21:56:36.211Z] getInvoiceById lines from DB: []
[2026-01-16T21:56:39.953Z] getInvoiceById lines from DB: []
[2026-01-16T21:56:40.172Z] getInvoiceById lines from DB: []
[2026-01-16T21:56:42.413Z] getInvoiceById lines from DB: []
[2026-01-16T21:56:42.639Z] getInvoiceById lines from DB: []
[2026-01-16T21:56:45.945Z] getInvoiceById lines from DB: []
[2026-01-16T21:56:46.160Z] getInvoiceById lines from DB: []
[2026-01-16T21:56:48.416Z] getInvoiceById lines from DB: []
[2026-01-16T21:56:48.590Z] getInvoiceById lines from DB: []
[2026-01-16T21:59:41.384Z] getInvoiceById lines from DB: []
[2026-01-16T21:59:41.626Z] getInvoiceById lines from DB: []
[2026-01-16T21:59:44.373Z] getInvoiceById lines from DB: []
[2026-01-16T21:59:44.557Z] getInvoiceById lines from DB: []
[2026-01-16T22:04:38.890Z] getInvoiceById lines from DB: [{"productName":"جركن صابون سائل 10 لتر","warehouseId":null}]
[2026-01-16T22:04:38.897Z] getInvoiceById lines from DB: [{"productName":"جركن صابون سائل 10 لتر","warehouseId":null}]
[2026-01-16T22:06:34.673Z] getInvoiceById lines from DB: [{"productName":"جركن صابون سائل 10 لتر","warehouseId":null}]
[2026-01-16T22:06:34.716Z] getInvoiceById lines from DB: [{"productName":"جركن صابون سائل 10 لتر","warehouseId":null}]
[2026-01-16T22:27:56.641Z] getInvoiceById lines from DB: [{"productName":"جركن صابون سائل 10 لتر","warehouseId":null}]
[2026-01-16T22:27:56.655Z] getInvoiceById lines from DB: [{"productName":"جركن صابون سائل 10 لتر","warehouseId":null}]
[2026-01-16T22:37:50.362Z] getInvoiceById lines from DB: [{"productName":"جركن صابون سائل 10 لتر","warehouseId":null}]
[2026-01-16T22:37:50.370Z] getInvoiceById lines from DB: [{"productName":"جركن صابون سائل 10 لتر","warehouseId":null}]
[2026-01-16T22:54:15.766Z] getInvoiceById lines from DB: [{"productName":"جركن صابون سائل 10 لتر","warehouseId":null}]
[2026-01-16T22:54:15.787Z] getInvoiceById lines from DB: [{"productName":"جركن صابون سائل 10 لتر","warehouseId":null}]
[2026-01-16T22:58:22.193Z] getInvoiceById lines from DB: [{"productName":"جركن صابون سائل 10 لتر","warehouseId":null}]
[2026-01-16T22:58:22.210Z] getInvoiceById lines from DB: [{"productName":"جركن صابون سائل 10 لتر","warehouseId":null}]
[2026-01-16T22:58:53.198Z] getInvoiceById lines from DB: [{"productName":"جركن صابون سائل 10 لتر","warehouseId":null}]
[2026-01-16T22:58:53.214Z] getInvoiceById lines from DB: [{"productName":"جركن صابون سائل 10 لتر","warehouseId":null}]
[2026-01-16T22:59:24.080Z] getInvoiceById lines from DB: [{"productName":"جركن صابون سائل 10 لتر","warehouseId":null}]
[2026-01-16T22:59:24.099Z] getInvoiceById lines from DB: [{"productName":"جركن صابون سائل 10 لتر","warehouseId":null}]
[2026-01-16T23:00:03.888Z] getInvoiceById lines from DB: [{"productName":"جركن صابون سائل 10 لتر","warehouseId":null}]
[2026-01-16T23:00:03.908Z] getInvoiceById lines from DB: [{"productName":"جركن صابون سائل 10 لتر","warehouseId":null}]
[2026-01-16T23:03:07.853Z] getInvoiceById lines from DB: [{"productName":"جركن صابون سائل 10 لتر","warehouseId":null}]
[2026-01-16T23:03:07.863Z] getInvoiceById lines from DB: [{"productName":"جركن صابون سائل 10 لتر","warehouseId":null}]
[2026-01-16T23:04:46.253Z] getInvoiceById lines from DB: [{"productName":"جركن صابون سائل 10 لتر","warehouseId":null}]
[2026-01-16T23:04:46.263Z] getInvoiceById lines from DB: [{"productName":"جركن صابون سائل 10 لتر","warehouseId":null}]
[2026-01-16T23:06:42.334Z] getInvoiceById lines from DB: [{"productName":"جركن صابون سائل 10 لتر","warehouseId":null}]
[2026-01-16T23:06:42.344Z] getInvoiceById lines from DB: [{"productName":"جركن صابون سائل 10 لتر","warehouseId":null}]
[2026-01-16T23:08:19.965Z] getInvoiceById lines from DB: [{"productName":"جركن صابون سائل 10 لتر","warehouseId":null}]
[2026-01-16T23:08:19.979Z] getInvoiceById lines from DB: [{"productName":"جركن صابون سائل 10 لتر","warehouseId":null}]
[2026-01-16T23:09:06.707Z] getInvoiceById lines from DB: [{"productName":"جركن صابون سائل 10 لتر","warehouseId":null}]
[2026-01-16T23:09:06.725Z] getInvoiceById lines from DB: [{"productName":"جركن صابون سائل 10 لتر","warehouseId":null}]
[2026-01-17T00:51:17.687Z] getInvoiceById lines from DB: [{"productName":"جركن صابون سائل 10 لتر","warehouseId":null}]
[2026-01-17T00:51:17.710Z] getInvoiceById lines from DB: [{"productName":"جركن صابون سائل 10 لتر","warehouseId":null}]
[2026-01-17T02:08:29.780Z] getInvoiceById lines from DB: [{"productName":"جركن صابون سائل 10 لتر","warehouseId":null}]
[2026-01-17T02:08:29.790Z] getInvoiceById lines from DB: [{"productName":"جركن صابون سائل 10 لتر","warehouseId":null}]
[2026-01-17T02:11:06.808Z] getInvoiceById lines from DB: []
[2026-01-17T02:11:07.212Z] getInvoiceById lines from DB: []
[2026-01-17T02:11:09.193Z] getInvoiceById lines from DB: []
[2026-01-17T02:11:09.419Z] getInvoiceById lines from DB: []
[2026-01-17T02:11:12.324Z] getInvoiceById lines from DB: []
[2026-01-17T02:11:12.614Z] getInvoiceById lines from DB: []
[2026-01-17T02:11:14.528Z] getInvoiceById lines from DB: []
[2026-01-17T02:11:14.712Z] getInvoiceById lines from DB: []
[2026-01-17T02:11:17.596Z] getInvoiceById lines from DB: [{"productName":"جركن صابون سائل 10 لتر","warehouseId":null}]
[2026-01-17T02:11:17.659Z] getInvoiceById lines from DB: [{"productName":"جركن صابون سائل 10 لتر","warehouseId":null}]
[2026-01-20T22:47:22.844Z] getInvoiceById lines from DB: [{"productName":"جركن صابون سائل 10 لتر","warehouseId":null}]
[2026-01-20T22:47:22.868Z] getInvoiceById lines from DB: [{"productName":"جركن صابون سائل 10 لتر","warehouseId":null}]
[2026-01-21T00:25:56.234Z] getInvoiceById lines from DB: [{"productName":"جركن صابون سائل 10 لتر","warehouseId":null}]
[2026-01-21T00:25:56.257Z] getInvoiceById lines from DB: [{"productName":"جركن صابون سائل 10 لتر","warehouseId":null}]
[2026-01-21T07:44:20.827Z] getInvoiceById lines from DB: [{"productName":"جركن صابون سائل 10 لتر","warehouseId":null}]
[2026-01-21T07:44:20.833Z] getInvoiceById lines from DB: [{"productName":"جركن صابون سائل 10 لتر","warehouseId":null}]
[2026-01-21T14:40:26.339Z] getInvoiceById lines from DB: [{"productName":"جركن صابون سائل 10 لتر","warehouseId":null}]
[2026-01-21T14:40:26.363Z] getInvoiceById lines from DB: [{"productName":"جركن صابون سائل 10 لتر","warehouseId":null}]
[2026-01-21T17:54:13.197Z] getInvoiceById lines from DB: []
[2026-01-21T17:54:13.549Z] getInvoiceById lines from DB: []
[2026-01-21T18:00:39.094Z] getInvoiceById lines from DB: []
[2026-01-21T18:00:39.296Z] getInvoiceById lines from DB: []
[2026-01-21T18:00:48.453Z] getInvoiceById lines from DB: []
[2026-01-21T18:00:48.477Z] getInvoiceById lines from DB: []
[2026-01-21T18:00:54.833Z] getInvoiceById lines from DB: [{"productName":"جركن صابون سائل 10 لتر","warehouseId":null}]
[2026-01-21T18:00:54.844Z] getInvoiceById lines from DB: [{"productName":"جركن صابون سائل 10 لتر","warehouseId":null}]
[2026-01-25T20:50:18.772Z] createInvoice lines: [{"productName":"قاروره 5 لتر (فارغ)"}]
[2026-01-25T20:50:18.780Z] createInvoice SQL values: ["PUR-546306","c5a3dc00-f6a8-4a3d-afc4-e37375ff3a87","قاروره 5 لتر (فارغ)",480,7.25,7.25,0,3480,null]
[2026-01-25T20:51:38.766Z] getInvoiceById lines from DB: [{"productName":"قاروره 5 لتر (فارغ)","warehouseId":null}]
[2026-01-25T20:51:38.787Z] getInvoiceById lines from DB: [{"productName":"قاروره 5 لتر (فارغ)","warehouseId":null}]
[2026-01-26T12:00:07.490Z] getInvoiceById lines from DB: [{"productName":"قاروره 5 لتر (فارغ)","warehouseId":null}]
[2026-01-26T12:00:07.508Z] getInvoiceById lines from DB: [{"productName":"قاروره 5 لتر (فارغ)","warehouseId":null}]
[2026-01-26T22:21:44.208Z] createInvoice lines: [{"productName":"جردل منظف عام 15كيلو"}]
[2026-01-26T22:21:44.210Z] createInvoice SQL values: ["INV-178277","3caeb691-96e3-4d64-96b5-a4d14724bce6","جردل منظف عام 15كيلو",1,1500,829.93,0,1500,null]
[2026-01-26T22:25:02.022Z] createInvoice lines: [{"productName":"كرتونة عجينة صابون 8لتر ليمون"}]
[2026-01-26T22:25:02.023Z] createInvoice SQL values: ["INV-808819","20696797-f34f-4d69-a8d6-f5fea2ea46ca","كرتونة عجينة صابون 8لتر ليمون",1,375,263.9,0,375,null]
[2026-01-26T22:25:40.976Z] createInvoice lines: [{"productName":"كرتونة عجينة صابون 8لتر ليمون"}]
[2026-01-26T22:25:40.976Z] createInvoice SQL values: ["INV-937376","20696797-f34f-4d69-a8d6-f5fea2ea46ca","كرتونة عجينة صابون 8لتر ليمون",1,375,263.9,0,375,null]
[2026-01-26T22:29:08.828Z] createInvoice lines: [{"productName":"كرتونة عجينة صابون 8لتر ليمون"}]
[2026-01-26T22:29:08.829Z] createInvoice SQL values: ["INV-963202","20696797-f34f-4d69-a8d6-f5fea2ea46ca","كرتونة عجينة صابون 8لتر ليمون",1,375,263.9,0,375,null]
[2026-01-28T13:16:08.796Z] getInvoiceById lines from DB: []
[2026-01-29T03:35:23.080Z] getInvoiceById lines from DB: []
[2026-01-29T03:35:23.301Z] getInvoiceById lines from DB: []
[2026-01-29T03:35:27.196Z] getInvoiceById lines from DB: []
[2026-01-29T03:35:27.354Z] getInvoiceById lines from DB: []
[2026-01-29T19:01:41.373Z] getInvoiceById lines from DB: [{"productName":"كرتونة عجينة صابون 8 لتر تفاح","warehouseId":null},{"productName":"كرتونة عجينة صابون 8لتر ليمون","warehouseId":null}]
[2026-01-29T19:01:41.385Z] getInvoiceById lines from DB: [{"productName":"كرتونة عجينة صابون 8 لتر تفاح","warehouseId":null},{"productName":"كرتونة عجينة صابون 8لتر ليمون","warehouseId":null}]
[2026-01-29T19:01:52.192Z] getInvoiceById lines from DB: [{"productName":"كرتونة عجينة صابون 8 لتر تفاح","warehouseId":null},{"productName":"كرتونة عجينة صابون 8لتر ليمون","warehouseId":null},{"productName":"قارورة صابون 5 لتر أخضر","warehouseId":null},{"productName":"قارورة صابون 5 لتر أصفر","warehouseId":null},{"productName":"جركن صابون سائل 10 لتر (أصفر)","warehouseId":null},{"productName":"جركن صابون سائل 10 لتر (أخضر)","warehouseId":null}]
[2026-01-29T19:01:52.211Z] getInvoiceById lines from DB: [{"productName":"كرتونة عجينة صابون 8 لتر تفاح","warehouseId":null},{"productName":"كرتونة عجينة صابون 8لتر ليمون","warehouseId":null},{"productName":"قارورة صابون 5 لتر أخضر","warehouseId":null},{"productName":"قارورة صابون 5 لتر أصفر","warehouseId":null},{"productName":"جركن صابون سائل 10 لتر (أصفر)","warehouseId":null},{"productName":"جركن صابون سائل 10 لتر (أخضر)","warehouseId":null}]
[2026-01-29T19:02:18.152Z] getInvoiceById lines from DB: [{"productName":"جركن صابون سائل 10 لتر (أخضر)","warehouseId":null},{"productName":"جركن صابون سائل 10 لتر (أصفر)","warehouseId":null},{"productName":"قارورة صابون 5 لتر أخضر","warehouseId":null},{"productName":"قارورة صابون 5 لتر أصفر","warehouseId":null},{"productName":"كرتونة عجينة صابون 8 لتر تفاح","warehouseId":null},{"productName":"كرتونة عجينة صابون 8لتر ليمون","warehouseId":null}]
[2026-01-29T19:02:18.208Z] getInvoiceById lines from DB: [{"productName":"جركن صابون سائل 10 لتر (أخضر)","warehouseId":null},{"productName":"جركن صابون سائل 10 لتر (أصفر)","warehouseId":null},{"productName":"قارورة صابون 5 لتر أخضر","warehouseId":null},{"productName":"قارورة صابون 5 لتر أصفر","warehouseId":null},{"productName":"كرتونة عجينة صابون 8 لتر تفاح","warehouseId":null},{"productName":"كرتونة عجينة صابون 8لتر ليمون","warehouseId":null}]
[2026-01-29T19:02:30.200Z] getInvoiceById lines from DB: [{"productName":"كرتونة عجينة صابون 8 لتر تفاح","warehouseId":null},{"productName":"كرتونة عجينة صابون 8لتر ليمون","warehouseId":null},{"productName":"جركن صابون سائل 10 لتر (أصفر)","warehouseId":null},{"productName":"قارورة صابون 5 لتر أخضر","warehouseId":null},{"productName":"قارورة صابون 5 لتر أصفر","warehouseId":null}]
[2026-01-29T19:02:30.271Z] getInvoiceById lines from DB: [{"productName":"كرتونة عجينة صابون 8 لتر تفاح","warehouseId":null},{"productName":"كرتونة عجينة صابون 8لتر ليمون","warehouseId":null},{"productName":"جركن صابون سائل 10 لتر (أصفر)","warehouseId":null},{"productName":"قارورة صابون 5 لتر أخضر","warehouseId":null},{"productName":"قارورة صابون 5 لتر أصفر","warehouseId":null}]
[2026-01-29T19:03:43.996Z] getInvoiceById lines from DB: [{"productName":"جركن صابون سائل 10 لتر (أخضر)","warehouseId":null},{"productName":"جركن صابون سائل 10 لتر (أصفر)","warehouseId":null},{"productName":"قارورة صابون 5 لتر أخضر","warehouseId":null},{"productName":"قارورة صابون 5 لتر أصفر","warehouseId":null}]
[2026-01-29T19:03:44.030Z] getInvoiceById lines from DB: [{"productName":"جركن صابون سائل 10 لتر (أخضر)","warehouseId":null},{"productName":"جركن صابون سائل 10 لتر (أصفر)","warehouseId":null},{"productName":"قارورة صابون 5 لتر أخضر","warehouseId":null},{"productName":"قارورة صابون 5 لتر أصفر","warehouseId":null}]
[2026-01-29T20:13:48.671Z] getInvoiceById lines from DB: [{"productName":"كرتونة عجينة صابون 8 لتر تفاح","warehouseId":null},{"productName":"كرتونة عجينة صابون 8لتر ليمون","warehouseId":null},{"productName":"جركن صابون سائل 10 لتر (أصفر)","warehouseId":null},{"productName":"قارورة صابون 5 لتر أخضر","warehouseId":null},{"productName":"قارورة صابون 5 لتر أصفر","warehouseId":null}]
[2026-01-29T20:13:48.862Z] getInvoiceById lines from DB: [{"productName":"كرتونة عجينة صابون 8 لتر تفاح","warehouseId":null},{"productName":"كرتونة عجينة صابون 8لتر ليمون","warehouseId":null},{"productName":"جركن صابون سائل 10 لتر (أصفر)","warehouseId":null},{"productName":"قارورة صابون 5 لتر أخضر","warehouseId":null},{"productName":"قارورة صابون 5 لتر أصفر","warehouseId":null}]
[2026-01-29T20:14:15.051Z] getInvoiceById lines from DB: [{"productName":"جركن صابون سائل 10 لتر (أخضر)","warehouseId":null},{"productName":"جركن صابون سائل 10 لتر (أصفر)","warehouseId":null},{"productName":"قارورة صابون 5 لتر أخضر","warehouseId":null},{"productName":"قارورة صابون 5 لتر أصفر","warehouseId":null},{"productName":"كرتونة عجينة صابون 8 لتر تفاح","warehouseId":null},{"productName":"كرتونة عجينة صابون 8لتر ليمون","warehouseId":null}]
[2026-01-29T20:14:15.241Z] getInvoiceById lines from DB: [{"productName":"جركن صابون سائل 10 لتر (أخضر)","warehouseId":null},{"productName":"جركن صابون سائل 10 لتر (أصفر)","warehouseId":null},{"productName":"قارورة صابون 5 لتر أخضر","warehouseId":null},{"productName":"قارورة صابون 5 لتر أصفر","warehouseId":null},{"productName":"كرتونة عجينة صابون 8 لتر تفاح","warehouseId":null},{"productName":"كرتونة عجينة صابون 8لتر ليمون","warehouseId":null}]
[2026-01-29T20:14:30.631Z] getInvoiceById lines from DB: [{"productName":"كرتونة عجينة صابون 8 لتر تفاح","warehouseId":null},{"productName":"كرتونة عجينة صابون 8لتر ليمون","warehouseId":null},{"productName":"قارورة صابون 5 لتر أخضر","warehouseId":null},{"productName":"قارورة صابون 5 لتر أصفر","warehouseId":null},{"productName":"جركن صابون سائل 10 لتر (أصفر)","warehouseId":null},{"productName":"جركن صابون سائل 10 لتر (أخضر)","warehouseId":null}]
[2026-01-29T20:14:30.862Z] getInvoiceById lines from DB: [{"productName":"كرتونة عجينة صابون 8 لتر تفاح","warehouseId":null},{"productName":"كرتونة عجينة صابون 8لتر ليمون","warehouseId":null},{"productName":"قارورة صابون 5 لتر أخضر","warehouseId":null},{"productName":"قارورة صابون 5 لتر أصفر","warehouseId":null},{"productName":"جركن صابون سائل 10 لتر (أصفر)","warehouseId":null},{"productName":"جركن صابون سائل 10 لتر (أخضر)","warehouseId":null}]
[2026-01-29T20:15:27.643Z] getInvoiceById lines from DB: [{"productName":"كرتونة عجينة صابون 8 لتر تفاح","warehouseId":null},{"productName":"كرتونة عجينة صابون 8لتر ليمون","warehouseId":null},{"productName":"جركن صابون سائل 10 لتر (أصفر)","warehouseId":null},{"productName":"قارورة صابون 5 لتر أخضر","warehouseId":null},{"productName":"قارورة صابون 5 لتر أصفر","warehouseId":null}]
[2026-01-29T20:15:27.850Z] getInvoiceById lines from DB: [{"productName":"كرتونة عجينة صابون 8 لتر تفاح","warehouseId":null},{"productName":"كرتونة عجينة صابون 8لتر ليمون","warehouseId":null},{"productName":"جركن صابون سائل 10 لتر (أصفر)","warehouseId":null},{"productName":"قارورة صابون 5 لتر أخضر","warehouseId":null},{"productName":"قارورة صابون 5 لتر أصفر","warehouseId":null}]
[2026-01-29T20:15:45.243Z] getInvoiceById lines from DB: [{"productName":"جركن صابون سائل 10 لتر (أخضر)","warehouseId":null},{"productName":"جركن صابون سائل 10 لتر (أصفر)","warehouseId":null},{"productName":"قارورة صابون 5 لتر أخضر","warehouseId":null},{"productName":"قارورة صابون 5 لتر أصفر","warehouseId":null}]
[2026-01-29T20:15:45.457Z] getInvoiceById lines from DB: [{"productName":"جركن صابون سائل 10 لتر (أخضر)","warehouseId":null},{"productName":"جركن صابون سائل 10 لتر (أصفر)","warehouseId":null},{"productName":"قارورة صابون 5 لتر أخضر","warehouseId":null},{"productName":"قارورة صابون 5 لتر أصفر","warehouseId":null}]
[2026-01-29T22:41:39.423Z] getInvoiceById lines from DB: [{"productName":"كرتونة عجينة صابون 8 لتر تفاح","warehouseId":null},{"productName":"كرتونة عجينة صابون 8لتر ليمون","warehouseId":null}]
[2026-01-29T22:41:39.499Z] getInvoiceById lines from DB: [{"productName":"كرتونة عجينة صابون 8 لتر تفاح","warehouseId":null},{"productName":"كرتونة عجينة صابون 8لتر ليمون","warehouseId":null}]
[2026-01-30T16:56:55.450Z] createInvoice lines: [{"productName":"جركن أورانج 10لتر"}]
[2026-01-30T16:56:55.457Z] createInvoice SQL values: ["PUR-344715","61f74f19-ff5a-4970-9900-db2a14568523","جركن أورانج 10لتر",252,33.5,33.5,0,8442,null]
[2026-01-30T17:29:58.850Z] getInvoiceById lines from DB: [{"productName":"كرتونة عجينة صابون 8 لتر تفاح","warehouseId":null},{"productName":"كرتونة عجينة صابون 8لتر ليمون","warehouseId":null}]
[2026-01-30T17:29:58.864Z] getInvoiceById lines from DB: [{"productName":"كرتونة عجينة صابون 8 لتر تفاح","warehouseId":null},{"productName":"كرتونة عجينة صابون 8لتر ليمون","warehouseId":null}]
[2026-01-30T21:44:39.529Z] getInvoiceById lines from DB: []
[2026-01-30T21:44:39.735Z] getInvoiceById lines from DB: []
[2026-01-30T21:44:46.407Z] getInvoiceById lines from DB: []
[2026-01-30T21:44:46.614Z] getInvoiceById lines from DB: []
[2026-01-30T23:17:03.194Z] getInvoiceById lines from DB: []
[2026-01-30T23:17:03.346Z] getInvoiceById lines from DB: []
[2026-01-30T23:17:19.412Z] getInvoiceById lines from DB: []
[2026-01-30T23:17:19.609Z] getInvoiceById lines from DB: []
[2026-01-30T23:18:08.666Z] getInvoiceById lines from DB: []
[2026-01-30T23:18:09.014Z] getInvoiceById lines from DB: []
[2026-01-30T23:21:59.948Z] getInvoiceById lines from DB: []
[2026-01-30T23:22:00.159Z] getInvoiceById lines from DB: []
[2026-02-01T18:03:35.522Z] getInvoiceById lines from DB: []
[2026-02-01T18:03:57.148Z] getInvoiceById lines from DB: []
